{"C:\\Users\\bgcar\\repos\\ads\\poo\\aula3\\aplicacoes\\jogo\\Util.ts": {"path":"C:\\Users\\bgcar\\repos\\ads\\poo\\aula3\\aplicacoes\\jogo\\Util.ts","statementMap":{"0":{"start":{"line":1,"column":0},"end":{"line":1,"column":33}},"1":{"start":{"line":3,"column":16},"end":{"line":3,"column":24}},"2":{"start":{"line":7,"column":8},"end":{"line":7,"column":61}},"3":{"start":{"line":11,"column":8},"end":{"line":11,"column":33}},"4":{"start":{"line":5,"column":0},"end":{"line":5,"column":21}}},"fnMap":{"0":{"name":"(anonymous_1)","decl":{"start":{"line":6,"column":4},"end":{"line":6,"column":10}},"loc":{"start":{"line":6,"column":46},"end":{"line":8,"column":5}}},"1":{"name":"(anonymous_2)","decl":{"start":{"line":10,"column":4},"end":{"line":10,"column":10}},"loc":{"start":{"line":10,"column":35},"end":{"line":12,"column":5}}}},"branchMap":{},"s":{"0":1,"1":1,"2":22,"3":0,"4":1},"f":{"0":22,"1":0},"b":{}}
,"C:\\Users\\bgcar\\repos\\ads\\poo\\aula3\\aplicacoes\\jogo\\personagem.ts": {"path":"C:\\Users\\bgcar\\repos\\ads\\poo\\aula3\\aplicacoes\\jogo\\personagem.ts","statementMap":{"0":{"start":{"line":1,"column":0},"end":{"line":1,"column":26}},"1":{"start":{"line":17,"column":12},"end":{"line":17,"column":37}},"2":{"start":{"line":18,"column":12},"end":{"line":18,"column":37}},"3":{"start":{"line":19,"column":12},"end":{"line":19,"column":40}},"4":{"start":{"line":22,"column":8},"end":{"line":22,"column":25}},"5":{"start":{"line":23,"column":8},"end":{"line":23,"column":47}},"6":{"start":{"line":24,"column":8},"end":{"line":24,"column":47}},"7":{"start":{"line":25,"column":8},"end":{"line":25,"column":47}},"8":{"start":{"line":26,"column":8},"end":{"line":26,"column":47}},"9":{"start":{"line":27,"column":8},"end":{"line":27,"column":50}},"10":{"start":{"line":28,"column":8},"end":{"line":28,"column":49}},"11":{"start":{"line":29,"column":8},"end":{"line":29,"column":51}},"12":{"start":{"line":30,"column":8},"end":{"line":30,"column":44}},"13":{"start":{"line":31,"column":8},"end":{"line":31,"column":23}},"14":{"start":{"line":32,"column":8},"end":{"line":32,"column":25}},"15":{"start":{"line":33,"column":8},"end":{"line":33,"column":48}},"16":{"start":{"line":37,"column":8},"end":{"line":43,"column":9}},"17":{"start":{"line":38,"column":12},"end":{"line":38,"column":57}},"18":{"start":{"line":39,"column":12},"end":{"line":39,"column":58}},"19":{"start":{"line":41,"column":12},"end":{"line":41,"column":72}},"20":{"start":{"line":42,"column":12},"end":{"line":42,"column":73}},"21":{"start":{"line":45,"column":8},"end":{"line":47,"column":9}},"22":{"start":{"line":46,"column":12},"end":{"line":46,"column":47}},"23":{"start":{"line":51,"column":8},"end":{"line":55,"column":9}},"24":{"start":{"line":52,"column":12},"end":{"line":52,"column":33}},"25":{"start":{"line":54,"column":12},"end":{"line":54,"column":50}},"26":{"start":{"line":59,"column":28},"end":{"line":59,"column":81}},"27":{"start":{"line":60,"column":28},"end":{"line":60,"column":55}},"28":{"start":{"line":61,"column":35},"end":{"line":61,"column":82}},"29":{"start":{"line":63,"column":30},"end":{"line":63,"column":92}},"30":{"start":{"line":64,"column":37},"end":{"line":64,"column":94}},"31":{"start":{"line":65,"column":30},"end":{"line":65,"column":63}},"32":{"start":{"line":66,"column":37},"end":{"line":66,"column":93}},"33":{"start":{"line":68,"column":24},"end":{"line":68,"column":58}},"34":{"start":{"line":69,"column":26},"end":{"line":69,"column":67}},"35":{"start":{"line":71,"column":8},"end":{"line":71,"column":66}},"36":{"start":{"line":72,"column":8},"end":{"line":72,"column":69}},"37":{"start":{"line":74,"column":8},"end":{"line":74,"column":61}},"38":{"start":{"line":75,"column":8},"end":{"line":75,"column":79}},"39":{"start":{"line":78,"column":8},"end":{"line":78,"column":34}},"40":{"start":{"line":79,"column":8},"end":{"line":79,"column":33}},"41":{"start":{"line":81,"column":8},"end":{"line":81,"column":88}},"42":{"start":{"line":85,"column":30},"end":{"line":85,"column":92}},"43":{"start":{"line":86,"column":30},"end":{"line":86,"column":63}},"44":{"start":{"line":87,"column":37},"end":{"line":87,"column":88}},"45":{"start":{"line":89,"column":28},"end":{"line":89,"column":81}},"46":{"start":{"line":90,"column":35},"end":{"line":90,"column":88}},"47":{"start":{"line":91,"column":28},"end":{"line":91,"column":55}},"48":{"start":{"line":92,"column":35},"end":{"line":92,"column":88}},"49":{"start":{"line":94,"column":26},"end":{"line":94,"column":60}},"50":{"start":{"line":95,"column":24},"end":{"line":95,"column":65}},"51":{"start":{"line":97,"column":8},"end":{"line":97,"column":69}},"52":{"start":{"line":98,"column":8},"end":{"line":98,"column":66}},"53":{"start":{"line":100,"column":8},"end":{"line":100,"column":65}},"54":{"start":{"line":101,"column":8},"end":{"line":101,"column":75}},"55":{"start":{"line":103,"column":8},"end":{"line":103,"column":97}},"56":{"start":{"line":107,"column":36},"end":{"line":107,"column":61}},"57":{"start":{"line":109,"column":8},"end":{"line":133,"column":9}},"58":{"start":{"line":110,"column":12},"end":{"line":110,"column":65}},"59":{"start":{"line":111,"column":12},"end":{"line":111,"column":68}},"60":{"start":{"line":112,"column":12},"end":{"line":112,"column":76}},"61":{"start":{"line":113,"column":12},"end":{"line":113,"column":62}},"62":{"start":{"line":114,"column":12},"end":{"line":114,"column":38}},"63":{"start":{"line":115,"column":12},"end":{"line":115,"column":40}},"64":{"start":{"line":117,"column":33},"end":{"line":117,"column":69}},"65":{"start":{"line":119,"column":12},"end":{"line":128,"column":13}},"66":{"start":{"line":121,"column":20},"end":{"line":121,"column":41}},"67":{"start":{"line":122,"column":20},"end":{"line":122,"column":26}},"68":{"start":{"line":124,"column":20},"end":{"line":124,"column":27}},"69":{"start":{"line":126,"column":20},"end":{"line":126,"column":43}},"70":{"start":{"line":127,"column":20},"end":{"line":127,"column":26}},"71":{"start":{"line":130,"column":12},"end":{"line":132,"column":13}},"72":{"start":{"line":131,"column":16},"end":{"line":131,"column":51}},"73":{"start":{"line":134,"column":8},"end":{"line":134,"column":41}},"74":{"start":{"line":3,"column":0},"end":{"line":3,"column":13}}},"fnMap":{"0":{"name":"(anonymous_1)","decl":{"start":{"line":21,"column":4},"end":{"line":21,"column":16}},"loc":{"start":{"line":21,"column":28},"end":{"line":34,"column":5}}},"1":{"name":"(anonymous_2)","decl":{"start":{"line":36,"column":4},"end":{"line":36,"column":11}},"loc":{"start":{"line":36,"column":81},"end":{"line":48,"column":5}}},"2":{"name":"(anonymous_3)","decl":{"start":{"line":50,"column":4},"end":{"line":50,"column":13}},"loc":{"start":{"line":50,"column":40},"end":{"line":56,"column":5}}},"3":{"name":"(anonymous_4)","decl":{"start":{"line":58,"column":12},"end":{"line":58,"column":18}},"loc":{"start":{"line":58,"column":38},"end":{"line":82,"column":5}}},"4":{"name":"(anonymous_5)","decl":{"start":{"line":84,"column":12},"end":{"line":84,"column":20}},"loc":{"start":{"line":84,"column":40},"end":{"line":104,"column":5}}},"5":{"name":"(anonymous_6)","decl":{"start":{"line":106,"column":4},"end":{"line":106,"column":9}},"loc":{"start":{"line":106,"column":9},"end":{"line":135,"column":5}}}},"branchMap":{"0":{"loc":{"start":{"line":37,"column":8},"end":{"line":43,"column":9}},"type":"if","locations":[{"start":{"line":37,"column":8},"end":{"line":43,"column":9}},{"start":{"line":40,"column":15},"end":{"line":43,"column":9}}]},"1":{"loc":{"start":{"line":45,"column":8},"end":{"line":47,"column":9}},"type":"if","locations":[{"start":{"line":45,"column":8},"end":{"line":47,"column":9}}]},"2":{"loc":{"start":{"line":51,"column":8},"end":{"line":55,"column":9}},"type":"if","locations":[{"start":{"line":51,"column":8},"end":{"line":55,"column":9}},{"start":{"line":53,"column":15},"end":{"line":55,"column":9}}]},"3":{"loc":{"start":{"line":71,"column":8},"end":{"line":71,"column":65}},"type":"cond-expr","locations":[{"start":{"line":71,"column":24},"end":{"line":71,"column":49}},{"start":{"line":71,"column":52},"end":{"line":71,"column":65}}]},"4":{"loc":{"start":{"line":72,"column":8},"end":{"line":72,"column":68}},"type":"cond-expr","locations":[{"start":{"line":72,"column":26},"end":{"line":72,"column":50}},{"start":{"line":72,"column":53},"end":{"line":72,"column":68}}]},"5":{"loc":{"start":{"line":97,"column":8},"end":{"line":97,"column":68}},"type":"cond-expr","locations":[{"start":{"line":97,"column":26},"end":{"line":97,"column":50}},{"start":{"line":97,"column":53},"end":{"line":97,"column":68}}]},"6":{"loc":{"start":{"line":98,"column":8},"end":{"line":98,"column":65}},"type":"cond-expr","locations":[{"start":{"line":98,"column":24},"end":{"line":98,"column":49}},{"start":{"line":98,"column":52},"end":{"line":98,"column":65}}]},"7":{"loc":{"start":{"line":109,"column":15},"end":{"line":109,"column":48}},"type":"binary-expr","locations":[{"start":{"line":109,"column":15},"end":{"line":109,"column":28}},{"start":{"line":109,"column":32},"end":{"line":109,"column":48}}]},"8":{"loc":{"start":{"line":119,"column":12},"end":{"line":128,"column":13}},"type":"switch","locations":[{"start":{"line":120,"column":16},"end":{"line":122,"column":26}},{"start":{"line":123,"column":16},"end":{"line":124,"column":27}},{"start":{"line":125,"column":16},"end":{"line":127,"column":26}}]},"9":{"loc":{"start":{"line":130,"column":12},"end":{"line":132,"column":13}},"type":"if","locations":[{"start":{"line":130,"column":12},"end":{"line":132,"column":13}}]}},"s":{"0":1,"1":2,"2":2,"3":2,"4":2,"5":2,"6":2,"7":2,"8":2,"9":2,"10":2,"11":2,"12":2,"13":2,"14":2,"15":2,"16":2,"17":0,"18":0,"19":2,"20":2,"21":2,"22":0,"23":0,"24":0,"25":0,"26":0,"27":0,"28":0,"29":0,"30":0,"31":0,"32":0,"33":0,"34":0,"35":0,"36":0,"37":0,"38":0,"39":0,"40":0,"41":0,"42":0,"43":0,"44":0,"45":0,"46":0,"47":0,"48":0,"49":0,"50":0,"51":0,"52":0,"53":0,"54":0,"55":0,"56":0,"57":0,"58":0,"59":0,"60":0,"61":0,"62":0,"63":0,"64":0,"65":0,"66":0,"67":0,"68":0,"69":0,"70":0,"71":0,"72":0,"73":0,"74":1},"f":{"0":2,"1":2,"2":0,"3":0,"4":0,"5":0},"b":{"0":[0,2],"1":[0],"2":[0,0],"3":[0,0],"4":[0,0],"5":[0,0],"6":[0,0],"7":[0,0],"8":[0,0,0],"9":[0]}}
}
