TN:
SF:Util.ts
FN:6,(anonymous_1)
FN:10,(anonymous_2)
FNF:2
FNH:1
FNDA:22,(anonymous_1)
FNDA:0,(anonymous_2)
DA:1,1
DA:3,1
DA:5,1
DA:7,22
DA:11,0
LF:5
LH:4
BRF:0
BRH:0
end_of_record
TN:
SF:personagem.ts
FN:21,(anonymous_1)
FN:36,(anonymous_2)
FN:50,(anonymous_3)
FN:58,(anonymous_4)
FN:84,(anonymous_5)
FN:106,(anonymous_6)
FNF:6
FNH:2
FNDA:2,(anonymous_1)
FNDA:2,(anonymous_2)
FNDA:0,(anonymous_3)
FNDA:0,(anonymous_4)
FNDA:0,(anonymous_5)
FNDA:0,(anonymous_6)
DA:1,1
DA:3,1
DA:17,2
DA:18,2
DA:19,2
DA:22,2
DA:23,2
DA:24,2
DA:25,2
DA:26,2
DA:27,2
DA:28,2
DA:29,2
DA:30,2
DA:31,2
DA:32,2
DA:33,2
DA:37,2
DA:38,0
DA:39,0
DA:41,2
DA:42,2
DA:45,2
DA:46,0
DA:51,0
DA:52,0
DA:54,0
DA:59,0
DA:60,0
DA:61,0
DA:63,0
DA:64,0
DA:65,0
DA:66,0
DA:68,0
DA:69,0
DA:71,0
DA:72,0
DA:74,0
DA:75,0
DA:78,0
DA:79,0
DA:81,0
DA:85,0
DA:86,0
DA:87,0
DA:89,0
DA:90,0
DA:91,0
DA:92,0
DA:94,0
DA:95,0
DA:97,0
DA:98,0
DA:100,0
DA:101,0
DA:103,0
DA:107,0
DA:109,0
DA:110,0
DA:111,0
DA:112,0
DA:113,0
DA:114,0
DA:115,0
DA:117,0
DA:119,0
DA:121,0
DA:122,0
DA:124,0
DA:126,0
DA:127,0
DA:130,0
DA:131,0
DA:134,0
LF:75
LH:21
BRDA:37,0,0,0
BRDA:37,0,1,2
BRDA:45,1,0,0
BRDA:51,2,0,0
BRDA:51,2,1,0
BRDA:71,3,0,0
BRDA:71,3,1,0
BRDA:72,4,0,0
BRDA:72,4,1,0
BRDA:97,5,0,0
BRDA:97,5,1,0
BRDA:98,6,0,0
BRDA:98,6,1,0
BRDA:109,7,0,0
BRDA:109,7,1,0
BRDA:119,8,0,0
BRDA:119,8,1,0
BRDA:119,8,2,0
BRDA:130,9,0,0
BRF:19
BRH:1
end_of_record
